<?xml version="1.0" encoding="UTF-8"?>
<!-- Generated by org.testng.reporters.JUnitReportReporter -->
<testsuite name="excelExportAndFileIO.ReadGuru99ExcelFile" tests="1" time="5.187" ignored="0" failures="0" timestamp="20 Mar 2017 07:35:41 GMT" skipped="0" hostname="CNTBTTEST1" errors="0">
  <testcase name="main" time="5.187" classname="excelExportAndFileIO.ReadGuru99ExcelFile"/>
</testsuite> <!-- excelExportAndFileIO.ReadGuru99ExcelFile -->
