<?xml version="1.0" encoding="UTF-8"?>
<!-- Generated by org.testng.reporters.JUnitReportReporter -->
<testsuite name="excelExportAndFileIO.TestNG_Grouping" tests="5" time="0.038" ignored="0" failures="0" timestamp="10 Mar 2017 07:13:57 GMT" skipped="0" hostname="CNTBTTEST1" errors="0">
  <testcase name="Scooter1" time="0.001" classname="excelExportAndFileIO.TestNG_Grouping"/>
  <testcase name="Scooter2" time="0.014" classname="excelExportAndFileIO.TestNG_Grouping"/>
  <testcase name="Car2" time="0.001" classname="excelExportAndFileIO.TestNG_Grouping"/>
  <testcase name="Sedan1" time="0.001" classname="excelExportAndFileIO.TestNG_Grouping"/>
  <testcase name="Car1" time="0.021" classname="excelExportAndFileIO.TestNG_Grouping"/>
</testsuite> <!-- excelExportAndFileIO.TestNG_Grouping -->
