<?xml version="1.0" encoding="UTF-8"?>
<!-- Generated by org.testng.reporters.JUnitReportReporter -->
<testsuite name="excelExportAndFileIO.ExcelUtils" tests="1" time="60.733" ignored="0" failures="0" timestamp="01 Mar 2017 09:00:36 GMT" skipped="0" hostname="CNTBTTEST1" errors="0">
  <testcase name="getTableArray" time="60.733" classname="excelExportAndFileIO.ExcelUtils"/>
</testsuite> <!-- excelExportAndFileIO.ExcelUtils -->
