<?xml version="1.0" encoding="UTF-8"?>
<!-- Generated by org.testng.reporters.JUnitReportReporter -->
<testsuite name="excelExportAndFileIO.Dataprovider" tests="3" time="0.000" ignored="0" failures="0" timestamp="13 Jun 2017 07:38:10 GMT" skipped="0" hostname="CNDPBHAVIK" errors="3">
  <testcase name="setup" time="0.000" classname="excelExportAndFileIO.Dataprovider">
    <error type="org.openqa.selenium.WebDriverException" message="Failed to connect to binary FirefoxBinary(C:\Program Files\Mozilla Firefox\firefox.exe) on port 7055; process output follows: 
1497339444492	addons.manager	DEBUG	Application has been upgraded
1497339444662	addons.manager	DEBUG	Loaded provider scope for resource://gre/modules/addons/XPIProvider.jsm: [&quot;XPIProvider&quot;]
1497339444665	addons.manager	DEBUG	Loaded provider scope for resource://gre/modules/LightweightThemeManager.jsm: [&quot;LightweightThemeManager&quot;]
1497339444671	addons.manager	DEBUG	Loaded provider scope for resource://gre/modules/addons/GMPProvider.jsm
1497339444674	addons.manager	DEBUG	Loaded provider scope for resource://gre/modules/addons/PluginProvider.jsm
1497339444675	addons.manager	DEBUG	Starting provider: XPIProvider
1497339444675	addons.xpi	DEBUG	startup
1497339444677	addons.xpi	INFO	Mapping fxdriver@googlecode.com to C:\Users\PBHAVIK\AppData\Local\Temp\anonymous404871324892653100webdriver-profile\extensions\fxdriver@googlecode.com
1497339444677	addons.xpi	DEBUG	Ignoring file entry whose name is not a valid add-on ID: C:\Users\PBHAVIK\AppData\Local\Temp\anonymous404871324892653100webdriver-profile\extensions\webdriver-staging
1497339444677	addons.xpi	INFO	Removing all system add-on upgrades.
1497339444678	addons.xpi	INFO	SystemAddonInstallLocation directory is missing
1497339444680	addons.xpi	INFO	Mapping aushelper@mozilla.org to C:\Program Files\Mozilla Firefox\browser\features\aushelper@mozilla.org.xpi
1497339444680	addons.xpi	INFO	Mapping e10srollout@mozilla.org to C:\Program Files\Mozilla Firefox\browser\features\e10srollout@mozilla.org.xpi
1497339444680	addons.xpi	INFO	Mapping firefox@getpocket.com to C:\Program Files\Mozilla Firefox\browser\features\firefox@getpocket.com.xpi
1497339444681	addons.xpi	INFO	Mapping webcompat@mozilla.org to C:\Program Files\Mozilla Firefox\browser\features\webcompat@mozilla.org.xpi
1497339444683	addons.xpi	INFO	Mapping {972ce4c6-7e08-4474-a285-3208198ce6fd} to C:\Program Files\Mozilla Firefox\browser\extensions\{972ce4c6-7e08-4474-a285-3208198ce6fd}.xpi
1497339444683	addons.xpi	DEBUG	Skipping unavailable install location app-system-share
1497339444683	addons.xpi	DEBUG	Skipping unavailable install location app-system-local
1497339444684	addons.xpi	DEBUG	checkForChanges
1497339444685	addons.xpi	INFO	SystemAddonInstallLocation directory is missing
1497339444685	addons.xpi	DEBUG	Loaded add-on state from prefs: {}
1497339444686	addons.xpi	DEBUG	New add-on fxdriver@googlecode.com in app-profile
1497339444687	addons.xpi	DEBUG	getModTime: Recursive scan of fxdriver@googlecode.com
1497339444696	addons.xpi	DEBUG	New add-on aushelper@mozilla.org in app-system-defaults
1497339444697	addons.xpi	DEBUG	getModTime: Recursive scan of aushelper@mozilla.org
1497339444698	addons.xpi	DEBUG	New add-on e10srollout@mozilla.org in app-system-defaults
1497339444699	addons.xpi	DEBUG	getModTime: Recursive scan of e10srollout@mozilla.org
1497339444699	addons.xpi	DEBUG	New add-on firefox@getpocket.com in app-system-defaults
1497339444700	addons.xpi	DEBUG	getModTime: Recursive scan of firefox@getpocket.com
1497339444700	addons.xpi	DEBUG	New add-on webcompat@mozilla.org in app-system-defaults
1497339444701	addons.xpi	DEBUG	getModTime: Recursive scan of webcompat@mozilla.org
1497339444702	addons.xpi	DEBUG	New add-on {972ce4c6-7e08-4474-a285-3208198ce6fd} in app-global
1497339444702	addons.xpi	DEBUG	getModTime: Recursive scan of {972ce4c6-7e08-4474-a285-3208198ce6fd}
1497339444702	addons.xpi	DEBUG	getInstallState changed: true, state: {&quot;app-profile&quot;:{&quot;fxdriver@googlecode.com&quot;:{&quot;d&quot;:&quot;C:\\Users\\PBHAVIK\\AppData\\Local\\Temp\\anonymous404871324892653100webdriver-profile\\extensions\\fxdriver@googlecode.com&quot;,&quot;st&quot;:1497339444133,&quot;mt&quot;:1497339444101}},&quot;app-system-defaults&quot;:{&quot;aushelper@mozilla.org&quot;:{&quot;d&quot;:&quot;C:\\Program Files\\Mozilla Firefox\\browser\\features\\aushelper@mozilla.org.xpi&quot;,&quot;st&quot;:1495210271015},&quot;e10srollout@mozilla.org&quot;:{&quot;d&quot;:&quot;C:\\Program Files\\Mozilla Firefox\\browser\\features\\e10srollout@mozilla.org.xpi&quot;,&quot;st&quot;:1495210271014},&quot;firefox@getpocket.com&quot;:{&quot;d&quot;:&quot;C:\\Program Files\\Mozilla Firefox\\browser\\features\\firefox@getpocket.com.xpi&quot;,&quot;st&quot;:1495210271013},&quot;webcompat@mozilla.org&quot;:{&quot;d&quot;:&quot;C:\\Program Files\\Mozilla Firefox\\browser\\features\\webcompat@mozilla.org.xpi&quot;,&quot;st&quot;:1495210270973}},&quot;app-global&quot;:{&quot;{972ce4c6-7e08-4474-a285-3208198ce6fd}&quot;:{&quot;d&quot;:&quot;C:\\Program Files\\Mozilla Firefox\\browser\\extensions\\{972ce4c6-7e08-4474-a285-3208198ce6fd}.xpi&quot;,&quot;st&quot;:1495210271053}}}
1497339444708	addons.xpi-utils	DEBUG	Opening XPI database C:\Users\PBHAVIK\AppData\Local\Temp\anonymous404871324892653100webdriver-profile\extensions.json
1497339444709	addons.xpi-utils	DEBUG	New add-on fxdriver@googlecode.com installed in app-profile
*** Blocklist::_loadBlocklistFromFile: blocklist is disabled
1497339444727	addons.xpi	WARN	Add-on fxdriver@googlecode.com is not correctly signed.
1497339444728	addons.xpi	WARN	Add-on fxdriver@googlecode.com is not correctly signed.
1497339444729	DeferredSave.extensions.json	DEBUG	Save changes
1497339444730	addons.xpi-utils	DEBUG	New add-on aushelper@mozilla.org installed in app-system-defaults
1497339444732	DeferredSave.extensions.json	DEBUG	Starting timer
1497339444733	DeferredSave.extensions.json	DEBUG	Save changes
1497339444733	addons.xpi-utils	DEBUG	New add-on e10srollout@mozilla.org installed in app-system-defaults
1497339444737	DeferredSave.extensions.json	DEBUG	Save changes
1497339444737	addons.xpi-utils	DEBUG	New add-on firefox@getpocket.com installed in app-system-defaults
1497339444741	DeferredSave.extensions.json	DEBUG	Save changes
1497339444741	addons.xpi-utils	DEBUG	New add-on webcompat@mozilla.org installed in app-system-defaults
1497339444744	DeferredSave.extensions.json	DEBUG	Save changes
1497339444744	addons.xpi-utils	DEBUG	New add-on {972ce4c6-7e08-4474-a285-3208198ce6fd} installed in app-global
1497339444747	DeferredSave.extensions.json	DEBUG	Save changes
1497339444748	addons.manager	DEBUG	Registering startup change &#039;installed&#039; for fxdriver@googlecode.com
1497339444748	addons.xpi-utils	DEBUG	Make addon app-profile:fxdriver@googlecode.com visible
1497339444748	DeferredSave.extensions.json	DEBUG	Save changes
1497339444748	addons.manager	DEBUG	Registering startup change &#039;installed&#039; for aushelper@mozilla.org
1497339444754	addons.xpi	DEBUG	Loading bootstrap scope from C:\Program Files\Mozilla Firefox\browser\features\aushelper@mozilla.org.xpi
1497339444757	addons.xpi	DEBUG	Calling bootstrap method install on aushelper@mozilla.org version 2.0
1497339444757	addons.xpi-utils	DEBUG	Make addon app-system-defaults:aushelper@mozilla.org visible
1497339444757	DeferredSave.extensions.json	DEBUG	Save changes
1497339444757	addons.manager	DEBUG	Registering startup change &#039;installed&#039; for e10srollout@mozilla.org
1497339444758	addons.xpi	DEBUG	Loading bootstrap scope from C:\Program Files\Mozilla Firefox\browser\features\e10srollout@mozilla.org.xpi
1497339444759	addons.xpi	DEBUG	Calling bootstrap method install on e10srollout@mozilla.org version 1.14
1497339444760	addons.xpi-utils	DEBUG	Make addon app-system-defaults:e10srollout@mozilla.org visible
1497339444760	DeferredSave.extensions.json	DEBUG	Save changes
1497339444760	addons.manager	DEBUG	Registering startup change &#039;installed&#039; for firefox@getpocket.com
1497339444761	addons.xpi	DEBUG	Loading bootstrap scope from C:\Program Files\Mozilla Firefox\browser\features\firefox@getpocket.com.xpi
1497339444763	addons.xpi	DEBUG	Calling bootstrap method install on firefox@getpocket.com version 1.0.5
1497339444763	addons.xpi-utils	DEBUG	Make addon app-system-defaults:firefox@getpocket.com visible
1497339444763	DeferredSave.extensions.json	DEBUG	Save changes
1497339444763	addons.manager	DEBUG	Registering startup change &#039;installed&#039; for webcompat@mozilla.org
1497339444764	addons.xpi	DEBUG	Loading bootstrap scope from C:\Program Files\Mozilla Firefox\browser\features\webcompat@mozilla.org.xpi
1497339444765	addons.xpi	DEBUG	Calling bootstrap method install on webcompat@mozilla.org version 1.0
1497339444765	addons.xpi-utils	DEBUG	Make addon app-system-defaults:webcompat@mozilla.org visible
1497339444766	DeferredSave.extensions.json	DEBUG	Save changes
1497339444766	addons.xpi-utils	DEBUG	Make addon app-global:{972ce4c6-7e08-4474-a285-3208198ce6fd} visible
1497339444766	DeferredSave.extensions.json	DEBUG	Save changes
1497339444766	addons.xpi	DEBUG	Updating XPIState for {&quot;id&quot;:&quot;fxdriver@googlecode.com&quot;,&quot;syncGUID&quot;:&quot;{6e9c2268-c4f1-46d5-a453-ef035d44fc0c}&quot;,&quot;location&quot;:&quot;app-profile&quot;,&quot;version&quot;:&quot;3.1.0&quot;,&quot;type&quot;:&quot;extension&quot;,&quot;internalName&quot;:null,&quot;updateURL&quot;:null,&quot;updateKey&quot;:null,&quot;optionsURL&quot;:null,&quot;optionsType&quot;:null,&quot;aboutURL&quot;:null,&quot;icons&quot;:{},&quot;iconURL&quot;:null,&quot;icon64URL&quot;:null,&quot;defaultLocale&quot;:{&quot;name&quot;:&quot;Firefox WebDriver&quot;,&quot;description&quot;:&quot;WebDriver implementation for Firefox&quot;,&quot;creator&quot;:&quot;Simon Stewart&quot;,&quot;homepageURL&quot;:null},&quot;visible&quot;:true,&quot;active&quot;:false,&quot;userDisabled&quot;:false,&quot;appDisabled&quot;:true,&quot;descriptor&quot;:&quot;C:\\Users\\PBHAVIK\\AppData\\Local\\Temp\\anonymous404871324892653100webdriver-profile\\extensions\\fxdriver@googlecode.com&quot;,&quot;installDate&quot;:1497339444133,&quot;updateDate&quot;:1497339444133,&quot;applyBackgroundUpdates&quot;:1,&quot;bootstrap&quot;:false,&quot;skinnable&quot;:false,&quot;size&quot;:3277854,&quot;sourceURI&quot;:null,&quot;releaseNotesURI&quot;:null,&quot;softDisabled&quot;:false,&quot;foreignInstall&quot;:true,&quot;hasBinaryComponents&quot;:true,&quot;strictCompatibility&quot;:false,&quot;locales&quot;:[],&quot;targetApplications&quot;:[{&quot;id&quot;:&quot;{ec8030f7-c20a-464f-9b0e-13a3a9e97384}&quot;,&quot;minVersion&quot;:&quot;3.0&quot;,&quot;maxVersion&quot;:&quot;48.0&quot;}],&quot;targetPlatforms&quot;:[{&quot;os&quot;:&quot;Darwin&quot;,&quot;abi&quot;:null},{&quot;os&quot;:&quot;SunOS&quot;,&quot;abi&quot;:null},{&quot;os&quot;:&quot;FreeBSD&quot;,&quot;abi&quot;:null},{&quot;os&quot;:&quot;OpenBSD&quot;,&quot;abi&quot;:null},{&quot;os&quot;:&quot;WINNT&quot;,&quot;abi&quot;:null},{&quot;os&quot;:&quot;Linux&quot;,&quot;abi&quot;:null}],&quot;multiprocessCompatible&quot;:false,&quot;signedState&quot;:0,&quot;seen&quot;:true,&quot;dependencies&quot;:[],&quot;hasEmbeddedWebExtension&quot;:false,&quot;mpcOptedOut&quot;:false,&quot;userPermissions&quot;:null}
1497339444766	addons.xpi	DEBUG	Updating XPIState for {&quot;id&quot;:&quot;aushelper@mozilla.org&quot;,&quot;syncGUID&quot;:&quot;{14591c2c-ab1e-4caf-9277-b80037b89c7a}&quot;,&quot;location&quot;:&quot;app-system-defaults&quot;,&quot;version&quot;:&quot;2.0&quot;,&quot;type&quot;:&quot;extension&quot;,&quot;internalName&quot;:null,&quot;updateURL&quot;:null,&quot;updateKey&quot;:null,&quot;optionsURL&quot;:null,&quot;optionsType&quot;:null,&quot;aboutURL&quot;:null,&quot;icons&quot;:{},&quot;iconURL&quot;:null,&quot;icon64URL&quot;:null,&quot;defaultLocale&quot;:{&quot;name&quot;:&quot;Application Update Service Helper&quot;,&quot;description&quot;:&quot;Sets value(s) in the update url based on custom checks.&quot;,&quot;creator&quot;:null,&quot;homepageURL&quot;:null},&quot;visible&quot;:true,&quot;active&quot;:true,&quot;userDisabled&quot;:false,&quot;appDisabled&quot;:false,&quot;descriptor&quot;:&quot;C:\\Program Files\\Mozilla Firefox\\browser\\features\\aushelper@mozilla.org.xpi&quot;,&quot;installDate&quot;:1495210271015,&quot;updateDate&quot;:1495210271015,&quot;applyBackgroundUpdates&quot;:1,&quot;bootstrap&quot;:true,&quot;skinnable&quot;:false,&quot;size&quot;:8488,&quot;sourceURI&quot;:null,&quot;releaseNotesURI&quot;:null,&quot;softDisabled&quot;:false,&quot;foreignInstall&quot;:false,&quot;hasBinaryComponents&quot;:false,&quot;strictCompatibility&quot;:false,&quot;locales&quot;:[],&quot;targetApplications&quot;:[{&quot;id&quot;:&quot;{ec8030f7-c20a-464f-9b0e-13a3a9e97384}&quot;,&quot;minVersion&quot;:&quot;53.0.2&quot;,&quot;maxVersion&quot;:&quot;53.*&quot;}],&quot;targetPlatforms&quot;:[],&quot;multiprocessCompatible&quot;:true,&quot;seen&quot;:true,&quot;dependencies&quot;:[],&quot;hasEmbeddedWebExtension&quot;:false,&quot;mpcOptedOut&quot;:false,&quot;userPermissions&quot;:null}
1497339444766	addons.xpi	DEBUG	getModTime: Recursive scan of aushelper@mozilla.org
1497339444767	addons.xpi	DEBUG	Updating XPIState for {&quot;id&quot;:&quot;e10srollout@mozilla.org&quot;,&quot;syncGUID&quot;:&quot;{675dbecc-ae36-4149-bcf9-123c119addd8}&quot;,&quot;location&quot;:&quot;app-system-defaults&quot;,&quot;version&quot;:&quot;1.14&quot;,&quot;type&quot;:&quot;extension&quot;,&quot;internalName&quot;:null,&quot;updateURL&quot;:null,&quot;updateKey&quot;:null,&quot;optionsURL&quot;:null,&quot;optionsType&quot;:null,&quot;aboutURL&quot;:null,&quot;icons&quot;:{},&quot;iconURL&quot;:null,&quot;icon64URL&quot;:null,&quot;defaultLocale&quot;:{&quot;name&quot;:&quot;Multi-process staged rollout&quot;,&quot;description&quot;:&quot;Staged rollout of Firefox multi-process feature.&quot;,&quot;creator&quot;:null,&quot;homepageURL&quot;:null},&quot;visible&quot;:true,&quot;active&quot;:true,&quot;userDisabled&quot;:false,&quot;appDisabled&quot;:false,&quot;descriptor&quot;:&quot;C:\\Program Files\\Mozilla Firefox\\browser\\features\\e10srollout@mozilla.org.xpi&quot;,&quot;installDate&quot;:1495210271014,&quot;updateDate&quot;:1495210271014,&quot;applyBackgroundUpdates&quot;:1,&quot;bootstrap&quot;:true,&quot;skinnable&quot;:false,&quot;size&quot;:8478,&quot;sourceURI&quot;:null,&quot;releaseNotesURI&quot;:null,&quot;softDisabled&quot;:false,&quot;foreignInstall&quot;:false,&quot;hasBinaryComponents&quot;:false,&quot;strictCompatibility&quot;:false,&quot;locales&quot;:[],&quot;targetApplications&quot;:[{&quot;id&quot;:&quot;{ec8030f7-c20a-464f-9b0e-13a3a9e97384}&quot;,&quot;minVersion&quot;:&quot;53.0.2&quot;,&quot;maxVersion&quot;:&quot;53.*&quot;}],&quot;targetPlatforms&quot;:[],&quot;multiprocessCompatible&quot;:true,&quot;seen&quot;:true,&quot;dependencies&quot;:[],&quot;hasEmbeddedWebExtension&quot;:false,&quot;mpcOptedOut&quot;:false,&quot;userPermissions&quot;:null}
1497339444767	addons.xpi	DEBUG	getModTime: Recursive scan of e10srollout@mozilla.org
1497339444767	addons.xpi	DEBUG	Updating XPIState for {&quot;id&quot;:&quot;firefox@getpocket.com&quot;,&quot;syncGUID&quot;:&quot;{9101fe37-6a88-46b1-b38e-4c3cb39a5ad3}&quot;,&quot;location&quot;:&quot;app-system-defaults&quot;,&quot;version&quot;:&quot;1.0.5&quot;,&quot;type&quot;:&quot;extension&quot;,&quot;internalName&quot;:null,&quot;updateURL&quot;:null,&quot;updateKey&quot;:null,&quot;optionsURL&quot;:null,&quot;optionsType&quot;:null,&quot;aboutURL&quot;:null,&quot;icons&quot;:{},&quot;iconURL&quot;:null,&quot;icon64URL&quot;:null,&quot;defaultLocale&quot;:{&quot;name&quot;:&quot;Pocket&quot;,&quot;description&quot;:&quot;When you find something you want to view later, put it in Pocket.&quot;,&quot;creator&quot;:null,&quot;homepageURL&quot;:null},&quot;visible&quot;:true,&quot;active&quot;:true,&quot;userDisabled&quot;:false,&quot;appDisabled&quot;:false,&quot;descriptor&quot;:&quot;C:\\Program Files\\Mozilla Firefox\\browser\\features\\firefox@getpocket.com.xpi&quot;,&quot;installDate&quot;:1495210271013,&quot;updateDate&quot;:1495210271013,&quot;applyBackgroundUpdates&quot;:1,&quot;bootstrap&quot;:true,&quot;skinnable&quot;:false,&quot;size&quot;:913565,&quot;sourceURI&quot;:null,&quot;releaseNotesURI&quot;:null,&quot;softDisabled&quot;:false,&quot;foreignInstall&quot;:false,&quot;hasBinaryComponents&quot;:false,&quot;strictCompatibility&quot;:false,&quot;locales&quot;:[],&quot;targetApplications&quot;:[{&quot;id&quot;:&quot;{ec8030f7-c20a-464f-9b0e-13a3a9e97384}&quot;,&quot;minVersion&quot;:&quot;53.0.2&quot;,&quot;maxVersion&quot;:&quot;53.*&quot;}],&quot;targetPlatforms&quot;:[],&quot;multiprocessCompatible&quot;:true,&quot;seen&quot;:true,&quot;dependencies&quot;:[],&quot;hasEmbeddedWebExtension&quot;:false,&quot;mpcOptedOut&quot;:false,&quot;userPermissions&quot;:null}
1497339444767	addons.xpi	DEBUG	getModTime: Recursive scan of firefox@getpocket.com
1497339444767	addons.xpi	DEBUG	Updating XPIState for {&quot;id&quot;:&quot;webcompat@mozilla.org&quot;,&quot;syncGUID&quot;:&quot;{5b266862-3a6b-403e-890a-ffbb29741235}&quot;,&quot;location&quot;:&quot;app-system-defaults&quot;,&quot;version&quot;:&quot;1.0&quot;,&quot;type&quot;:&quot;extension&quot;,&quot;internalName&quot;:null,&quot;updateURL&quot;:null,&quot;updateKey&quot;:null,&quot;optionsURL&quot;:null,&quot;optionsType&quot;:null,&quot;aboutURL&quot;:null,&quot;icons&quot;:{},&quot;iconURL&quot;:null,&quot;icon64URL&quot;:null,&quot;defaultLocale&quot;:{&quot;name&quot;:&quot;Web Compat&quot;,&quot;description&quot;:&quot;Urgent post-release fixes for web compatibility.&quot;,&quot;creator&quot;:null,&quot;homepageURL&quot;:null},&quot;visible&quot;:true,&quot;active&quot;:true,&quot;userDisabled&quot;:false,&quot;appDisabled&quot;:false,&quot;descriptor&quot;:&quot;C:\\Program Files\\Mozilla Firefox\\browser\\features\\webcompat@mozilla.org.xpi&quot;,&quot;installDate&quot;:1495210270973,&quot;updateDate&quot;:1495210270973,&quot;applyBackgroundUpdates&quot;:1,&quot;bootstrap&quot;:true,&quot;skinnable&quot;:false,&quot;size&quot;:1456,&quot;sourceURI&quot;:null,&quot;releaseNotesURI&quot;:null,&quot;softDisabled&quot;:false,&quot;foreignInstall&quot;:false,&quot;hasBinaryComponents&quot;:false,&quot;strictCompatibility&quot;:false,&quot;locales&quot;:[],&quot;targetApplications&quot;:[{&quot;id&quot;:&quot;{ec8030f7-c20a-464f-9b0e-13a3a9e97384}&quot;,&quot;minVersion&quot;:&quot;53.0.2&quot;,&quot;maxVersion&quot;:&quot;53.*&quot;}],&quot;targetPlatforms&quot;:[],&quot;multiprocessCompatible&quot;:true,&quot;seen&quot;:true,&quot;dependencies&quot;:[],&quot;hasEmbeddedWebExtension&quot;:false,&quot;mpcOptedOut&quot;:false,&quot;userPermissions&quot;:null}
1497339444767	addons.xpi	DEBUG	getModTime: Recursive scan of webcompat@mozilla.org
1497339444768	addons.xpi	DEBUG	Updating XPIState for {&quot;id&quot;:&quot;{972ce4c6-7e08-4474-a285-3208198ce6fd}&quot;,&quot;syncGUID&quot;:&quot;{20994bcb-af5b-4299-a774-7721f172357a}&quot;,&quot;location&quot;:&quot;app-global&quot;,&quot;version&quot;:&quot;53.0.2&quot;,&quot;type&quot;:&quot;theme&quot;,&quot;internalName&quot;:&quot;classic/1.0&quot;,&quot;updateURL&quot;:null,&quot;updateKey&quot;:null,&quot;optionsURL&quot;:null,&quot;optionsType&quot;:null,&quot;aboutURL&quot;:null,&quot;icons&quot;:{},&quot;iconURL&quot;:&quot;chrome://browser/content/default-theme-icon.svg&quot;,&quot;icon64URL&quot;:null,&quot;defaultLocale&quot;:{&quot;name&quot;:&quot;Default&quot;,&quot;description&quot;:&quot;The default theme.&quot;,&quot;creator&quot;:&quot;Mozilla&quot;,&quot;homepageURL&quot;:null,&quot;contributors&quot;:[&quot;Mozilla Contributors&quot;]},&quot;visible&quot;:true,&quot;active&quot;:true,&quot;userDisabled&quot;:false,&quot;appDisabled&quot;:false,&quot;descriptor&quot;:&quot;C:\\Program Files\\Mozilla Firefox\\browser\\extensions\\{972ce4c6-7e08-4474-a285-3208198ce6fd}.xpi&quot;,&quot;installDate&quot;:1495210271053,&quot;updateDate&quot;:1495210271053,&quot;applyBackgroundUpdates&quot;:1,&quot;skinnable&quot;:true,&quot;size&quot;:8207,&quot;sourceURI&quot;:null,&quot;releaseNotesURI&quot;:null,&quot;softDisabled&quot;:false,&quot;foreignInstall&quot;:false,&quot;hasBinaryComponents&quot;:false,&quot;strictCompatibility&quot;:true,&quot;locales&quot;:[],&quot;targetApplications&quot;:[{&quot;id&quot;:&quot;{ec8030f7-c20a-464f-9b0e-13a3a9e97384}&quot;,&quot;minVersion&quot;:&quot;53.0.2&quot;,&quot;maxVersion&quot;:&quot;53.0.2&quot;}],&quot;targetPlatforms&quot;:[],&quot;seen&quot;:true,&quot;dependencies&quot;:[],&quot;hasEmbeddedWebExtension&quot;:false,&quot;userPermissions&quot;:null}
1497339444768	addons.xpi	DEBUG	getModTime: Recursive scan of {972ce4c6-7e08-4474-a285-3208198ce6fd}
1497339444769	DeferredSave.extensions.json	DEBUG	Save changes
1497339444769	addons.xpi	DEBUG	Updating database with changes to installed add-ons
1497339444769	addons.xpi-utils	DEBUG	Updating add-on states
1497339444772	addons.xpi-utils	DEBUG	Writing add-ons list
1497339444775	addons.xpi	DEBUG	Registering manifest for C:\Program Files\Mozilla Firefox\browser\features\aushelper@mozilla.org.xpi
1497339444775	addons.xpi	DEBUG	Calling bootstrap method startup on aushelper@mozilla.org version 2.0
1497339444777	addons.xpi	DEBUG	Registering manifest for C:\Program Files\Mozilla Firefox\browser\features\e10srollout@mozilla.org.xpi
1497339444777	addons.xpi	DEBUG	Calling bootstrap method startup on e10srollout@mozilla.org version 1.14
1497339444778	addons.xpi	DEBUG	Registering manifest for C:\Program Files\Mozilla Firefox\browser\features\firefox@getpocket.com.xpi
1497339444778	addons.xpi	DEBUG	Calling bootstrap method startup on firefox@getpocket.com version 1.0.5
1497339444779	addons.xpi	DEBUG	Registering manifest for C:\Program Files\Mozilla Firefox\browser\features\webcompat@mozilla.org.xpi
1497339444779	addons.xpi	DEBUG	Calling bootstrap method startup on webcompat@mozilla.org version 1.0
1497339444781	addons.manager	DEBUG	Registering shutdown blocker for XPIProvider
1497339444781	addons.manager	DEBUG	Provider finished startup: XPIProvider
1497339444782	addons.manager	DEBUG	Starting provider: LightweightThemeManager
1497339444782	addons.manager	DEBUG	Registering shutdown blocker for LightweightThemeManager
1497339444782	addons.manager	DEBUG	Provider finished startup: LightweightThemeManager
1497339444782	addons.manager	DEBUG	Starting provider: GMPProvider
1497339444786	addons.manager	DEBUG	Registering shutdown blocker for GMPProvider
1497339444786	addons.manager	DEBUG	Provider finished startup: GMPProvider
1497339444786	addons.manager	DEBUG	Starting provider: PluginProvider
1497339444786	addons.manager	DEBUG	Registering shutdown blocker for PluginProvider
1497339444786	addons.manager	DEBUG	Provider finished startup: PluginProvider
1497339444787	addons.manager	DEBUG	Completed startup sequence
[GFX1]: Potential driver version mismatch ignored due to missing DLLs 0.0.0.0 and 0.0.0.0
1497339446434	addons.manager	DEBUG	Starting provider: &lt;unnamed-provider&gt;
1497339446434	addons.manager	DEBUG	Registering shutdown blocker for &lt;unnamed-provider&gt;
1497339446434	addons.manager	DEBUG	Provider finished startup: &lt;unnamed-provider&gt;
1497339446436	DeferredSave.extensions.json	DEBUG	Starting write
1497339446541	addons.repository	DEBUG	No addons.json found.
1497339446541	DeferredSave.addons.json	DEBUG	Save changes
1497339446543	DeferredSave.addons.json	DEBUG	Starting timer
1497339446560	addons.manager	DEBUG	Starting provider: PreviousExperimentProvider
1497339446560	addons.manager	DEBUG	Registering shutdown blocker for PreviousExperimentProvider
1497339446561	addons.manager	DEBUG	Provider finished startup: PreviousExperimentProvider
1497339446562	DeferredSave.extensions.json	DEBUG	Write succeeded
1497339446562	addons.xpi-utils	DEBUG	XPI Database saved, setting schema version preference to 19
1497339446595	DeferredSave.addons.json	DEBUG	Starting write
1497339446745	DeferredSave.addons.json	DEBUG	Write succeeded
Crash Annotation GraphicsCriticalError: |[C0][GFX1]: Potential driver version mismatch ignored due to missing DLLs 0.0.0.0 and 0.0.0.0 (t=0.901335) [GFX1]: Potential driver version mismatch ignored due to missing DLLs 0.0.0.0 and 0.0.0.0

Build info: version: &#039;3.1.0&#039;, revision: &#039;86a5d70&#039;, time: &#039;2017-02-16 07:57:44 -0800&#039;
System info: host: &#039;CNDPBHAVIK&#039;, ip: &#039;172.25.248.93&#039;, os.name: &#039;Windows 7&#039;, os.arch: &#039;amd64&#039;, os.version: &#039;6.1&#039;, java.version: &#039;1.8.0_91&#039;
Driver info: driver.version: FirefoxDriver">
      <![CDATA[org.openqa.selenium.WebDriverException: Failed to connect to binary FirefoxBinary(C:\Program Files\Mozilla Firefox\firefox.exe) on port 7055; process output follows: 
1497339444492	addons.manager	DEBUG	Application has been upgraded
1497339444662	addons.manager	DEBUG	Loaded provider scope for resource://gre/modules/addons/XPIProvider.jsm: ["XPIProvider"]
1497339444665	addons.manager	DEBUG	Loaded provider scope for resource://gre/modules/LightweightThemeManager.jsm: ["LightweightThemeManager"]
1497339444671	addons.manager	DEBUG	Loaded provider scope for resource://gre/modules/addons/GMPProvider.jsm
1497339444674	addons.manager	DEBUG	Loaded provider scope for resource://gre/modules/addons/PluginProvider.jsm
1497339444675	addons.manager	DEBUG	Starting provider: XPIProvider
1497339444675	addons.xpi	DEBUG	startup
1497339444677	addons.xpi	INFO	Mapping fxdriver@googlecode.com to C:\Users\PBHAVIK\AppData\Local\Temp\anonymous404871324892653100webdriver-profile\extensions\fxdriver@googlecode.com
1497339444677	addons.xpi	DEBUG	Ignoring file entry whose name is not a valid add-on ID: C:\Users\PBHAVIK\AppData\Local\Temp\anonymous404871324892653100webdriver-profile\extensions\webdriver-staging
1497339444677	addons.xpi	INFO	Removing all system add-on upgrades.
1497339444678	addons.xpi	INFO	SystemAddonInstallLocation directory is missing
1497339444680	addons.xpi	INFO	Mapping aushelper@mozilla.org to C:\Program Files\Mozilla Firefox\browser\features\aushelper@mozilla.org.xpi
1497339444680	addons.xpi	INFO	Mapping e10srollout@mozilla.org to C:\Program Files\Mozilla Firefox\browser\features\e10srollout@mozilla.org.xpi
1497339444680	addons.xpi	INFO	Mapping firefox@getpocket.com to C:\Program Files\Mozilla Firefox\browser\features\firefox@getpocket.com.xpi
1497339444681	addons.xpi	INFO	Mapping webcompat@mozilla.org to C:\Program Files\Mozilla Firefox\browser\features\webcompat@mozilla.org.xpi
1497339444683	addons.xpi	INFO	Mapping {972ce4c6-7e08-4474-a285-3208198ce6fd} to C:\Program Files\Mozilla Firefox\browser\extensions\{972ce4c6-7e08-4474-a285-3208198ce6fd}.xpi
1497339444683	addons.xpi	DEBUG	Skipping unavailable install location app-system-share
1497339444683	addons.xpi	DEBUG	Skipping unavailable install location app-system-local
1497339444684	addons.xpi	DEBUG	checkForChanges
1497339444685	addons.xpi	INFO	SystemAddonInstallLocation directory is missing
1497339444685	addons.xpi	DEBUG	Loaded add-on state from prefs: {}
1497339444686	addons.xpi	DEBUG	New add-on fxdriver@googlecode.com in app-profile
1497339444687	addons.xpi	DEBUG	getModTime: Recursive scan of fxdriver@googlecode.com
1497339444696	addons.xpi	DEBUG	New add-on aushelper@mozilla.org in app-system-defaults
1497339444697	addons.xpi	DEBUG	getModTime: Recursive scan of aushelper@mozilla.org
1497339444698	addons.xpi	DEBUG	New add-on e10srollout@mozilla.org in app-system-defaults
1497339444699	addons.xpi	DEBUG	getModTime: Recursive scan of e10srollout@mozilla.org
1497339444699	addons.xpi	DEBUG	New add-on firefox@getpocket.com in app-system-defaults
1497339444700	addons.xpi	DEBUG	getModTime: Recursive scan of firefox@getpocket.com
1497339444700	addons.xpi	DEBUG	New add-on webcompat@mozilla.org in app-system-defaults
1497339444701	addons.xpi	DEBUG	getModTime: Recursive scan of webcompat@mozilla.org
1497339444702	addons.xpi	DEBUG	New add-on {972ce4c6-7e08-4474-a285-3208198ce6fd} in app-global
1497339444702	addons.xpi	DEBUG	getModTime: Recursive scan of {972ce4c6-7e08-4474-a285-3208198ce6fd}
1497339444702	addons.xpi	DEBUG	getInstallState changed: true, state: {"app-profile":{"fxdriver@googlecode.com":{"d":"C:\\Users\\PBHAVIK\\AppData\\Local\\Temp\\anonymous404871324892653100webdriver-profile\\extensions\\fxdriver@googlecode.com","st":1497339444133,"mt":1497339444101}},"app-system-defaults":{"aushelper@mozilla.org":{"d":"C:\\Program Files\\Mozilla Firefox\\browser\\features\\aushelper@mozilla.org.xpi","st":1495210271015},"e10srollout@mozilla.org":{"d":"C:\\Program Files\\Mozilla Firefox\\browser\\features\\e10srollout@mozilla.org.xpi","st":1495210271014},"firefox@getpocket.com":{"d":"C:\\Program Files\\Mozilla Firefox\\browser\\features\\firefox@getpocket.com.xpi","st":1495210271013},"webcompat@mozilla.org":{"d":"C:\\Program Files\\Mozilla Firefox\\browser\\features\\webcompat@mozilla.org.xpi","st":1495210270973}},"app-global":{"{972ce4c6-7e08-4474-a285-3208198ce6fd}":{"d":"C:\\Program Files\\Mozilla Firefox\\browser\\extensions\\{972ce4c6-7e08-4474-a285-3208198ce6fd}.xpi","st":1495210271053}}}
1497339444708	addons.xpi-utils	DEBUG	Opening XPI database C:\Users\PBHAVIK\AppData\Local\Temp\anonymous404871324892653100webdriver-profile\extensions.json
1497339444709	addons.xpi-utils	DEBUG	New add-on fxdriver@googlecode.com installed in app-profile
*** Blocklist::_loadBlocklistFromFile: blocklist is disabled
1497339444727	addons.xpi	WARN	Add-on fxdriver@googlecode.com is not correctly signed.
1497339444728	addons.xpi	WARN	Add-on fxdriver@googlecode.com is not correctly signed.
1497339444729	DeferredSave.extensions.json	DEBUG	Save changes
1497339444730	addons.xpi-utils	DEBUG	New add-on aushelper@mozilla.org installed in app-system-defaults
1497339444732	DeferredSave.extensions.json	DEBUG	Starting timer
1497339444733	DeferredSave.extensions.json	DEBUG	Save changes
1497339444733	addons.xpi-utils	DEBUG	New add-on e10srollout@mozilla.org installed in app-system-defaults
1497339444737	DeferredSave.extensions.json	DEBUG	Save changes
1497339444737	addons.xpi-utils	DEBUG	New add-on firefox@getpocket.com installed in app-system-defaults
1497339444741	DeferredSave.extensions.json	DEBUG	Save changes
1497339444741	addons.xpi-utils	DEBUG	New add-on webcompat@mozilla.org installed in app-system-defaults
1497339444744	DeferredSave.extensions.json	DEBUG	Save changes
1497339444744	addons.xpi-utils	DEBUG	New add-on {972ce4c6-7e08-4474-a285-3208198ce6fd} installed in app-global
1497339444747	DeferredSave.extensions.json	DEBUG	Save changes
1497339444748	addons.manager	DEBUG	Registering startup change 'installed' for fxdriver@googlecode.com
1497339444748	addons.xpi-utils	DEBUG	Make addon app-profile:fxdriver@googlecode.com visible
1497339444748	DeferredSave.extensions.json	DEBUG	Save changes
1497339444748	addons.manager	DEBUG	Registering startup change 'installed' for aushelper@mozilla.org
1497339444754	addons.xpi	DEBUG	Loading bootstrap scope from C:\Program Files\Mozilla Firefox\browser\features\aushelper@mozilla.org.xpi
1497339444757	addons.xpi	DEBUG	Calling bootstrap method install on aushelper@mozilla.org version 2.0
1497339444757	addons.xpi-utils	DEBUG	Make addon app-system-defaults:aushelper@mozilla.org visible
1497339444757	DeferredSave.extensions.json	DEBUG	Save changes
1497339444757	addons.manager	DEBUG	Registering startup change 'installed' for e10srollout@mozilla.org
1497339444758	addons.xpi	DEBUG	Loading bootstrap scope from C:\Program Files\Mozilla Firefox\browser\features\e10srollout@mozilla.org.xpi
1497339444759	addons.xpi	DEBUG	Calling bootstrap method install on e10srollout@mozilla.org version 1.14
1497339444760	addons.xpi-utils	DEBUG	Make addon app-system-defaults:e10srollout@mozilla.org visible
1497339444760	DeferredSave.extensions.json	DEBUG	Save changes
1497339444760	addons.manager	DEBUG	Registering startup change 'installed' for firefox@getpocket.com
1497339444761	addons.xpi	DEBUG	Loading bootstrap scope from C:\Program Files\Mozilla Firefox\browser\features\firefox@getpocket.com.xpi
1497339444763	addons.xpi	DEBUG	Calling bootstrap method install on firefox@getpocket.com version 1.0.5
1497339444763	addons.xpi-utils	DEBUG	Make addon app-system-defaults:firefox@getpocket.com visible
1497339444763	DeferredSave.extensions.json	DEBUG	Save changes
1497339444763	addons.manager	DEBUG	Registering startup change 'installed' for webcompat@mozilla.org
1497339444764	addons.xpi	DEBUG	Loading bootstrap scope from C:\Program Files\Mozilla Firefox\browser\features\webcompat@mozilla.org.xpi
1497339444765	addons.xpi	DEBUG	Calling bootstrap method install on webcompat@mozilla.org version 1.0
1497339444765	addons.xpi-utils	DEBUG	Make addon app-system-defaults:webcompat@mozilla.org visible
1497339444766	DeferredSave.extensions.json	DEBUG	Save changes
1497339444766	addons.xpi-utils	DEBUG	Make addon app-global:{972ce4c6-7e08-4474-a285-3208198ce6fd} visible
1497339444766	DeferredSave.extensions.json	DEBUG	Save changes
1497339444766	addons.xpi	DEBUG	Updating XPIState for {"id":"fxdriver@googlecode.com","syncGUID":"{6e9c2268-c4f1-46d5-a453-ef035d44fc0c}","location":"app-profile","version":"3.1.0","type":"extension","internalName":null,"updateURL":null,"updateKey":null,"optionsURL":null,"optionsType":null,"aboutURL":null,"icons":{},"iconURL":null,"icon64URL":null,"defaultLocale":{"name":"Firefox WebDriver","description":"WebDriver implementation for Firefox","creator":"Simon Stewart","homepageURL":null},"visible":true,"active":false,"userDisabled":false,"appDisabled":true,"descriptor":"C:\\Users\\PBHAVIK\\AppData\\Local\\Temp\\anonymous404871324892653100webdriver-profile\\extensions\\fxdriver@googlecode.com","installDate":1497339444133,"updateDate":1497339444133,"applyBackgroundUpdates":1,"bootstrap":false,"skinnable":false,"size":3277854,"sourceURI":null,"releaseNotesURI":null,"softDisabled":false,"foreignInstall":true,"hasBinaryComponents":true,"strictCompatibility":false,"locales":[],"targetApplications":[{"id":"{ec8030f7-c20a-464f-9b0e-13a3a9e97384}","minVersion":"3.0","maxVersion":"48.0"}],"targetPlatforms":[{"os":"Darwin","abi":null},{"os":"SunOS","abi":null},{"os":"FreeBSD","abi":null},{"os":"OpenBSD","abi":null},{"os":"WINNT","abi":null},{"os":"Linux","abi":null}],"multiprocessCompatible":false,"signedState":0,"seen":true,"dependencies":[],"hasEmbeddedWebExtension":false,"mpcOptedOut":false,"userPermissions":null}
1497339444766	addons.xpi	DEBUG	Updating XPIState for {"id":"aushelper@mozilla.org","syncGUID":"{14591c2c-ab1e-4caf-9277-b80037b89c7a}","location":"app-system-defaults","version":"2.0","type":"extension","internalName":null,"updateURL":null,"updateKey":null,"optionsURL":null,"optionsType":null,"aboutURL":null,"icons":{},"iconURL":null,"icon64URL":null,"defaultLocale":{"name":"Application Update Service Helper","description":"Sets value(s) in the update url based on custom checks.","creator":null,"homepageURL":null},"visible":true,"active":true,"userDisabled":false,"appDisabled":false,"descriptor":"C:\\Program Files\\Mozilla Firefox\\browser\\features\\aushelper@mozilla.org.xpi","installDate":1495210271015,"updateDate":1495210271015,"applyBackgroundUpdates":1,"bootstrap":true,"skinnable":false,"size":8488,"sourceURI":null,"releaseNotesURI":null,"softDisabled":false,"foreignInstall":false,"hasBinaryComponents":false,"strictCompatibility":false,"locales":[],"targetApplications":[{"id":"{ec8030f7-c20a-464f-9b0e-13a3a9e97384}","minVersion":"53.0.2","maxVersion":"53.*"}],"targetPlatforms":[],"multiprocessCompatible":true,"seen":true,"dependencies":[],"hasEmbeddedWebExtension":false,"mpcOptedOut":false,"userPermissions":null}
1497339444766	addons.xpi	DEBUG	getModTime: Recursive scan of aushelper@mozilla.org
1497339444767	addons.xpi	DEBUG	Updating XPIState for {"id":"e10srollout@mozilla.org","syncGUID":"{675dbecc-ae36-4149-bcf9-123c119addd8}","location":"app-system-defaults","version":"1.14","type":"extension","internalName":null,"updateURL":null,"updateKey":null,"optionsURL":null,"optionsType":null,"aboutURL":null,"icons":{},"iconURL":null,"icon64URL":null,"defaultLocale":{"name":"Multi-process staged rollout","description":"Staged rollout of Firefox multi-process feature.","creator":null,"homepageURL":null},"visible":true,"active":true,"userDisabled":false,"appDisabled":false,"descriptor":"C:\\Program Files\\Mozilla Firefox\\browser\\features\\e10srollout@mozilla.org.xpi","installDate":1495210271014,"updateDate":1495210271014,"applyBackgroundUpdates":1,"bootstrap":true,"skinnable":false,"size":8478,"sourceURI":null,"releaseNotesURI":null,"softDisabled":false,"foreignInstall":false,"hasBinaryComponents":false,"strictCompatibility":false,"locales":[],"targetApplications":[{"id":"{ec8030f7-c20a-464f-9b0e-13a3a9e97384}","minVersion":"53.0.2","maxVersion":"53.*"}],"targetPlatforms":[],"multiprocessCompatible":true,"seen":true,"dependencies":[],"hasEmbeddedWebExtension":false,"mpcOptedOut":false,"userPermissions":null}
1497339444767	addons.xpi	DEBUG	getModTime: Recursive scan of e10srollout@mozilla.org
1497339444767	addons.xpi	DEBUG	Updating XPIState for {"id":"firefox@getpocket.com","syncGUID":"{9101fe37-6a88-46b1-b38e-4c3cb39a5ad3}","location":"app-system-defaults","version":"1.0.5","type":"extension","internalName":null,"updateURL":null,"updateKey":null,"optionsURL":null,"optionsType":null,"aboutURL":null,"icons":{},"iconURL":null,"icon64URL":null,"defaultLocale":{"name":"Pocket","description":"When you find something you want to view later, put it in Pocket.","creator":null,"homepageURL":null},"visible":true,"active":true,"userDisabled":false,"appDisabled":false,"descriptor":"C:\\Program Files\\Mozilla Firefox\\browser\\features\\firefox@getpocket.com.xpi","installDate":1495210271013,"updateDate":1495210271013,"applyBackgroundUpdates":1,"bootstrap":true,"skinnable":false,"size":913565,"sourceURI":null,"releaseNotesURI":null,"softDisabled":false,"foreignInstall":false,"hasBinaryComponents":false,"strictCompatibility":false,"locales":[],"targetApplications":[{"id":"{ec8030f7-c20a-464f-9b0e-13a3a9e97384}","minVersion":"53.0.2","maxVersion":"53.*"}],"targetPlatforms":[],"multiprocessCompatible":true,"seen":true,"dependencies":[],"hasEmbeddedWebExtension":false,"mpcOptedOut":false,"userPermissions":null}
1497339444767	addons.xpi	DEBUG	getModTime: Recursive scan of firefox@getpocket.com
1497339444767	addons.xpi	DEBUG	Updating XPIState for {"id":"webcompat@mozilla.org","syncGUID":"{5b266862-3a6b-403e-890a-ffbb29741235}","location":"app-system-defaults","version":"1.0","type":"extension","internalName":null,"updateURL":null,"updateKey":null,"optionsURL":null,"optionsType":null,"aboutURL":null,"icons":{},"iconURL":null,"icon64URL":null,"defaultLocale":{"name":"Web Compat","description":"Urgent post-release fixes for web compatibility.","creator":null,"homepageURL":null},"visible":true,"active":true,"userDisabled":false,"appDisabled":false,"descriptor":"C:\\Program Files\\Mozilla Firefox\\browser\\features\\webcompat@mozilla.org.xpi","installDate":1495210270973,"updateDate":1495210270973,"applyBackgroundUpdates":1,"bootstrap":true,"skinnable":false,"size":1456,"sourceURI":null,"releaseNotesURI":null,"softDisabled":false,"foreignInstall":false,"hasBinaryComponents":false,"strictCompatibility":false,"locales":[],"targetApplications":[{"id":"{ec8030f7-c20a-464f-9b0e-13a3a9e97384}","minVersion":"53.0.2","maxVersion":"53.*"}],"targetPlatforms":[],"multiprocessCompatible":true,"seen":true,"dependencies":[],"hasEmbeddedWebExtension":false,"mpcOptedOut":false,"userPermissions":null}
1497339444767	addons.xpi	DEBUG	getModTime: Recursive scan of webcompat@mozilla.org
1497339444768	addons.xpi	DEBUG	Updating XPIState for {"id":"{972ce4c6-7e08-4474-a285-3208198ce6fd}","syncGUID":"{20994bcb-af5b-4299-a774-7721f172357a}","location":"app-global","version":"53.0.2","type":"theme","internalName":"classic/1.0","updateURL":null,"updateKey":null,"optionsURL":null,"optionsType":null,"aboutURL":null,"icons":{},"iconURL":"chrome://browser/content/default-theme-icon.svg","icon64URL":null,"defaultLocale":{"name":"Default","description":"The default theme.","creator":"Mozilla","homepageURL":null,"contributors":["Mozilla Contributors"]},"visible":true,"active":true,"userDisabled":false,"appDisabled":false,"descriptor":"C:\\Program Files\\Mozilla Firefox\\browser\\extensions\\{972ce4c6-7e08-4474-a285-3208198ce6fd}.xpi","installDate":1495210271053,"updateDate":1495210271053,"applyBackgroundUpdates":1,"skinnable":true,"size":8207,"sourceURI":null,"releaseNotesURI":null,"softDisabled":false,"foreignInstall":false,"hasBinaryComponents":false,"strictCompatibility":true,"locales":[],"targetApplications":[{"id":"{ec8030f7-c20a-464f-9b0e-13a3a9e97384}","minVersion":"53.0.2","maxVersion":"53.0.2"}],"targetPlatforms":[],"seen":true,"dependencies":[],"hasEmbeddedWebExtension":false,"userPermissions":null}
1497339444768	addons.xpi	DEBUG	getModTime: Recursive scan of {972ce4c6-7e08-4474-a285-3208198ce6fd}
1497339444769	DeferredSave.extensions.json	DEBUG	Save changes
1497339444769	addons.xpi	DEBUG	Updating database with changes to installed add-ons
1497339444769	addons.xpi-utils	DEBUG	Updating add-on states
1497339444772	addons.xpi-utils	DEBUG	Writing add-ons list
1497339444775	addons.xpi	DEBUG	Registering manifest for C:\Program Files\Mozilla Firefox\browser\features\aushelper@mozilla.org.xpi
1497339444775	addons.xpi	DEBUG	Calling bootstrap method startup on aushelper@mozilla.org version 2.0
1497339444777	addons.xpi	DEBUG	Registering manifest for C:\Program Files\Mozilla Firefox\browser\features\e10srollout@mozilla.org.xpi
1497339444777	addons.xpi	DEBUG	Calling bootstrap method startup on e10srollout@mozilla.org version 1.14
1497339444778	addons.xpi	DEBUG	Registering manifest for C:\Program Files\Mozilla Firefox\browser\features\firefox@getpocket.com.xpi
1497339444778	addons.xpi	DEBUG	Calling bootstrap method startup on firefox@getpocket.com version 1.0.5
1497339444779	addons.xpi	DEBUG	Registering manifest for C:\Program Files\Mozilla Firefox\browser\features\webcompat@mozilla.org.xpi
1497339444779	addons.xpi	DEBUG	Calling bootstrap method startup on webcompat@mozilla.org version 1.0
1497339444781	addons.manager	DEBUG	Registering shutdown blocker for XPIProvider
1497339444781	addons.manager	DEBUG	Provider finished startup: XPIProvider
1497339444782	addons.manager	DEBUG	Starting provider: LightweightThemeManager
1497339444782	addons.manager	DEBUG	Registering shutdown blocker for LightweightThemeManager
1497339444782	addons.manager	DEBUG	Provider finished startup: LightweightThemeManager
1497339444782	addons.manager	DEBUG	Starting provider: GMPProvider
1497339444786	addons.manager	DEBUG	Registering shutdown blocker for GMPProvider
1497339444786	addons.manager	DEBUG	Provider finished startup: GMPProvider
1497339444786	addons.manager	DEBUG	Starting provider: PluginProvider
1497339444786	addons.manager	DEBUG	Registering shutdown blocker for PluginProvider
1497339444786	addons.manager	DEBUG	Provider finished startup: PluginProvider
1497339444787	addons.manager	DEBUG	Completed startup sequence
[GFX1]: Potential driver version mismatch ignored due to missing DLLs 0.0.0.0 and 0.0.0.0
1497339446434	addons.manager	DEBUG	Starting provider: <unnamed-provider>
1497339446434	addons.manager	DEBUG	Registering shutdown blocker for <unnamed-provider>
1497339446434	addons.manager	DEBUG	Provider finished startup: <unnamed-provider>
1497339446436	DeferredSave.extensions.json	DEBUG	Starting write
1497339446541	addons.repository	DEBUG	No addons.json found.
1497339446541	DeferredSave.addons.json	DEBUG	Save changes
1497339446543	DeferredSave.addons.json	DEBUG	Starting timer
1497339446560	addons.manager	DEBUG	Starting provider: PreviousExperimentProvider
1497339446560	addons.manager	DEBUG	Registering shutdown blocker for PreviousExperimentProvider
1497339446561	addons.manager	DEBUG	Provider finished startup: PreviousExperimentProvider
1497339446562	DeferredSave.extensions.json	DEBUG	Write succeeded
1497339446562	addons.xpi-utils	DEBUG	XPI Database saved, setting schema version preference to 19
1497339446595	DeferredSave.addons.json	DEBUG	Starting write
1497339446745	DeferredSave.addons.json	DEBUG	Write succeeded
Crash Annotation GraphicsCriticalError: |[C0][GFX1]: Potential driver version mismatch ignored due to missing DLLs 0.0.0.0 and 0.0.0.0 (t=0.901335) [GFX1]: Potential driver version mismatch ignored due to missing DLLs 0.0.0.0 and 0.0.0.0

Build info: version: '3.1.0', revision: '86a5d70', time: '2017-02-16 07:57:44 -0800'
System info: host: 'CNDPBHAVIK', ip: '172.25.248.93', os.name: 'Windows 7', os.arch: 'amd64', os.version: '6.1', java.version: '1.8.0_91'
Driver info: driver.version: FirefoxDriver
	at org.openqa.selenium.firefox.internal.NewProfileExtensionConnection.start(NewProfileExtensionConnection.java:124)
	at org.openqa.selenium.firefox.FirefoxDriver.startClient(FirefoxDriver.java:382)
	at org.openqa.selenium.remote.RemoteWebDriver.<init>(RemoteWebDriver.java:116)
	at org.openqa.selenium.firefox.FirefoxDriver.<init>(FirefoxDriver.java:293)
	at org.openqa.selenium.firefox.FirefoxDriver.<init>(FirefoxDriver.java:272)
	at org.openqa.selenium.firefox.FirefoxDriver.<init>(FirefoxDriver.java:267)
	at org.openqa.selenium.firefox.FirefoxDriver.<init>(FirefoxDriver.java:263)
	at org.openqa.selenium.firefox.FirefoxDriver.<init>(FirefoxDriver.java:122)
	at excelExportAndFileIO.Dataprovider.setup(Dataprovider.java:32)
	at sun.reflect.NativeMethodAccessorImpl.invoke0(Native Method)
	at sun.reflect.NativeMethodAccessorImpl.invoke(Unknown Source)
	at sun.reflect.DelegatingMethodAccessorImpl.invoke(Unknown Source)
	at java.lang.reflect.Method.invoke(Unknown Source)
	at org.testng.internal.MethodInvocationHelper.invokeMethod(MethodInvocationHelper.java:104)
	at org.testng.internal.Invoker.invokeConfigurationMethod(Invoker.java:515)
	at org.testng.internal.Invoker.invokeConfigurations(Invoker.java:217)
	at org.testng.internal.Invoker.invokeConfigurations(Invoker.java:144)
	at org.testng.TestRunner.beforeRun(TestRunner.java:634)
	at org.testng.TestRunner.run(TestRunner.java:602)
	at org.testng.SuiteRunner.runTest(SuiteRunner.java:387)
	at org.testng.SuiteRunner.runSequentially(SuiteRunner.java:382)
	at org.testng.SuiteRunner.privateRun(SuiteRunner.java:340)
	at org.testng.SuiteRunner.run(SuiteRunner.java:289)
	at org.testng.SuiteRunnerWorker.runSuite(SuiteRunnerWorker.java:52)
	at org.testng.SuiteRunnerWorker.run(SuiteRunnerWorker.java:86)
	at org.testng.TestNG.runSuitesSequentially(TestNG.java:1293)
	at org.testng.TestNG.runSuitesLocally(TestNG.java:1218)
	at org.testng.TestNG.runSuites(TestNG.java:1133)
	at org.testng.TestNG.run(TestNG.java:1104)
	at org.testng.remote.AbstractRemoteTestNG.run(AbstractRemoteTestNG.java:132)
	at org.testng.remote.RemoteTestNG.initAndRun(RemoteTestNG.java:236)
	at org.testng.remote.RemoteTestNG.main(RemoteTestNG.java:81)
Caused by: org.openqa.selenium.firefox.NotConnectedException: Unable to connect to host 127.0.0.1 on port 7055 after 45000 ms. Firefox console output:
1497339444492	addons.manager	DEBUG	Application has been upgraded
1497339444662	addons.manager	DEBUG	Loaded provider scope for resource://gre/modules/addons/XPIProvider.jsm: ["XPIProvider"]
1497339444665	addons.manager	DEBUG	Loaded provider scope for resource://gre/modules/LightweightThemeManager.jsm: ["LightweightThemeManager"]
1497339444671	addons.manager	DEBUG	Loaded provider scope for resource://gre/modules/addons/GMPProvider.jsm
1497339444674	addons.manager	DEBUG	Loaded provider scope for resource://gre/modules/addons/PluginProvider.jsm
1497339444675	addons.manager	DEBUG	Starting provider: XPIProvider
1497339444675	addons.xpi	DEBUG	startup
1497339444677	addons.xpi	INFO	Mapping fxdriver@googlecode.com to C:\Users\PBHAVIK\AppData\Local\Temp\anonymous404871324892653100webdriver-profile\extensions\fxdriver@googlecode.com
1497339444677	addons.xpi	DEBUG	Ignoring file entry whose name is not a valid add-on ID: C:\Users\PBHAVIK\AppData\Local\Temp\anonymous404871324892653100webdriver-profile\extensions\webdriver-staging
1497339444677	addons.xpi	INFO	Removing all system add-on upgrades.
1497339444678	addons.xpi	INFO	SystemAddonInstallLocation directory is missing
1497339444680	addons.xpi	INFO	Mapping aushelper@mozilla.org to C:\Program Files\Mozilla Firefox\browser\features\aushelper@mozilla.org.xpi
1497339444680	addons.xpi	INFO	Mapping e10srollout@mozilla.org to C:\Program Files\Mozilla Firefox\browser\features\e10srollout@mozilla.org.xpi
1497339444680	addons.xpi	INFO	Mapping firefox@getpocket.com to C:\Program Files\Mozilla Firefox\browser\features\firefox@getpocket.com.xpi
1497339444681	addons.xpi	INFO	Mapping webcompat@mozilla.org to C:\Program Files\Mozilla Firefox\browser\features\webcompat@mozilla.org.xpi
1497339444683	addons.xpi	INFO	Mapping {972ce4c6-7e08-4474-a285-3208198ce6fd} to C:\Program Files\Mozilla Firefox\browser\extensions\{972ce4c6-7e08-4474-a285-3208198ce6fd}.xpi
1497339444683	addons.xpi	DEBUG	Skipping unavailable install location app-system-share
1497339444683	addons.xpi	DEBUG	Skipping unavailable install location app-system-local
1497339444684	addons.xpi	DEBUG	checkForChanges
1497339444685	addons.xpi	INFO	SystemAddonInstallLocation directory is missing
1497339444685	addons.xpi	DEBUG	Loaded add-on state from prefs: {}
1497339444686	addons.xpi	DEBUG	New add-on fxdriver@googlecode.com in app-profile
1497339444687	addons.xpi	DEBUG	getModTime: Recursive scan of fxdriver@googlecode.com
1497339444696	addons.xpi	DEBUG	New add-on aushelper@mozilla.org in app-system-defaults
1497339444697	addons.xpi	DEBUG	getModTime: Recursive scan of aushelper@mozilla.org
1497339444698	addons.xpi	DEBUG	New add-on e10srollout@mozilla.org in app-system-defaults
1497339444699	addons.xpi	DEBUG	getModTime: Recursive scan of e10srollout@mozilla.org
1497339444699	addons.xpi	DEBUG	New add-on firefox@getpocket.com in app-system-defaults
1497339444700	addons.xpi	DEBUG	getModTime: Recursive scan of firefox@getpocket.com
1497339444700	addons.xpi	DEBUG	New add-on webcompat@mozilla.org in app-system-defaults
1497339444701	addons.xpi	DEBUG	getModTime: Recursive scan of webcompat@mozilla.org
1497339444702	addons.xpi	DEBUG	New add-on {972ce4c6-7e08-4474-a285-3208198ce6fd} in app-global
1497339444702	addons.xpi	DEBUG	getModTime: Recursive scan of {972ce4c6-7e08-4474-a285-3208198ce6fd}
1497339444702	addons.xpi	DEBUG	getInstallState changed: true, state: {"app-profile":{"fxdriver@googlecode.com":{"d":"C:\\Users\\PBHAVIK\\AppData\\Local\\Temp\\anonymous404871324892653100webdriver-profile\\extensions\\fxdriver@googlecode.com","st":1497339444133,"mt":1497339444101}},"app-system-defaults":{"aushelper@mozilla.org":{"d":"C:\\Program Files\\Mozilla Firefox\\browser\\features\\aushelper@mozilla.org.xpi","st":1495210271015},"e10srollout@mozilla.org":{"d":"C:\\Program Files\\Mozilla Firefox\\browser\\features\\e10srollout@mozilla.org.xpi","st":1495210271014},"firefox@getpocket.com":{"d":"C:\\Program Files\\Mozilla Firefox\\browser\\features\\firefox@getpocket.com.xpi","st":1495210271013},"webcompat@mozilla.org":{"d":"C:\\Program Files\\Mozilla Firefox\\browser\\features\\webcompat@mozilla.org.xpi","st":1495210270973}},"app-global":{"{972ce4c6-7e08-4474-a285-3208198ce6fd}":{"d":"C:\\Program Files\\Mozilla Firefox\\browser\\extensions\\{972ce4c6-7e08-4474-a285-3208198ce6fd}.xpi","st":1495210271053}}}
1497339444708	addons.xpi-utils	DEBUG	Opening XPI database C:\Users\PBHAVIK\AppData\Local\Temp\anonymous404871324892653100webdriver-profile\extensions.json
1497339444709	addons.xpi-utils	DEBUG	New add-on fxdriver@googlecode.com installed in app-profile
*** Blocklist::_loadBlocklistFromFile: blocklist is disabled
1497339444727	addons.xpi	WARN	Add-on fxdriver@googlecode.com is not correctly signed.
1497339444728	addons.xpi	WARN	Add-on fxdriver@googlecode.com is not correctly signed.
1497339444729	DeferredSave.extensions.json	DEBUG	Save changes
1497339444730	addons.xpi-utils	DEBUG	New add-on aushelper@mozilla.org installed in app-system-defaults
1497339444732	DeferredSave.extensions.json	DEBUG	Starting timer
1497339444733	DeferredSave.extensions.json	DEBUG	Save changes
1497339444733	addons.xpi-utils	DEBUG	New add-on e10srollout@mozilla.org installed in app-system-defaults
1497339444737	DeferredSave.extensions.json	DEBUG	Save changes
1497339444737	addons.xpi-utils	DEBUG	New add-on firefox@getpocket.com installed in app-system-defaults
1497339444741	DeferredSave.extensions.json	DEBUG	Save changes
1497339444741	addons.xpi-utils	DEBUG	New add-on webcompat@mozilla.org installed in app-system-defaults
1497339444744	DeferredSave.extensions.json	DEBUG	Save changes
1497339444744	addons.xpi-utils	DEBUG	New add-on {972ce4c6-7e08-4474-a285-3208198ce6fd} installed in app-global
1497339444747	DeferredSave.extensions.json	DEBUG	Save changes
1497339444748	addons.manager	DEBUG	Registering startup change 'installed' for fxdriver@googlecode.com
1497339444748	addons.xpi-utils	DEBUG	Make addon app-profile:fxdriver@googlecode.com visible
1497339444748	DeferredSave.extensions.json	DEBUG	Save changes
1497339444748	addons.manager	DEBUG	Registering startup change 'installed' for aushelper@mozilla.org
1497339444754	addons.xpi	DEBUG	Loading bootstrap scope from C:\Program Files\Mozilla Firefox\browser\features\aushelper@mozilla.org.xpi
1497339444757	addons.xpi	DEBUG	Calling bootstrap method install on aushelper@mozilla.org version 2.0
1497339444757	addons.xpi-utils	DEBUG	Make addon app-system-defaults:aushelper@mozilla.org visible
1497339444757	DeferredSave.extensions.json	DEBUG	Save changes
1497339444757	addons.manager	DEBUG	Registering startup change 'installed' for e10srollout@mozilla.org
1497339444758	addons.xpi	DEBUG	Loading bootstrap scope from C:\Program Files\Mozilla Firefox\browser\features\e10srollout@mozilla.org.xpi
1497339444759	addons.xpi	DEBUG	Calling bootstrap method install on e10srollout@mozilla.org version 1.14
1497339444760	addons.xpi-utils	DEBUG	Make addon app-system-defaults:e10srollout@mozilla.org visible
1497339444760	DeferredSave.extensions.json	DEBUG	Save changes
1497339444760	addons.manager	DEBUG	Registering startup change 'installed' for firefox@getpocket.com
1497339444761	addons.xpi	DEBUG	Loading bootstrap scope from C:\Program Files\Mozilla Firefox\browser\features\firefox@getpocket.com.xpi
1497339444763	addons.xpi	DEBUG	Calling bootstrap method install on firefox@getpocket.com version 1.0.5
1497339444763	addons.xpi-utils	DEBUG	Make addon app-system-defaults:firefox@getpocket.com visible
1497339444763	DeferredSave.extensions.json	DEBUG	Save changes
1497339444763	addons.manager	DEBUG	Registering startup change 'installed' for webcompat@mozilla.org
1497339444764	addons.xpi	DEBUG	Loading bootstrap scope from C:\Program Files\Mozilla Firefox\browser\features\webcompat@mozilla.org.xpi
1497339444765	addons.xpi	DEBUG	Calling bootstrap method install on webcompat@mozilla.org version 1.0
1497339444765	addons.xpi-utils	DEBUG	Make addon app-system-defaults:webcompat@mozilla.org visible
1497339444766	DeferredSave.extensions.json	DEBUG	Save changes
1497339444766	addons.xpi-utils	DEBUG	Make addon app-global:{972ce4c6-7e08-4474-a285-3208198ce6fd} visible
1497339444766	DeferredSave.extensions.json	DEBUG	Save changes
1497339444766	addons.xpi	DEBUG	Updating XPIState for {"id":"fxdriver@googlecode.com","syncGUID":"{6e9c2268-c4f1-46d5-a453-ef035d44fc0c}","location":"app-profile","version":"3.1.0","type":"extension","internalName":null,"updateURL":null,"updateKey":null,"optionsURL":null,"optionsType":null,"aboutURL":null,"icons":{},"iconURL":null,"icon64URL":null,"defaultLocale":{"name":"Firefox WebDriver","description":"WebDriver implementation for Firefox","creator":"Simon Stewart","homepageURL":null},"visible":true,"active":false,"userDisabled":false,"appDisabled":true,"descriptor":"C:\\Users\\PBHAVIK\\AppData\\Local\\Temp\\anonymous404871324892653100webdriver-profile\\extensions\\fxdriver@googlecode.com","installDate":1497339444133,"updateDate":1497339444133,"applyBackgroundUpdates":1,"bootstrap":false,"skinnable":false,"size":3277854,"sourceURI":null,"releaseNotesURI":null,"softDisabled":false,"foreignInstall":true,"hasBinaryComponents":true,"strictCompatibility":false,"locales":[],"targetApplications":[{"id":"{ec8030f7-c20a-464f-9b0e-13a3a9e97384}","minVersion":"3.0","maxVersion":"48.0"}],"targetPlatforms":[{"os":"Darwin","abi":null},{"os":"SunOS","abi":null},{"os":"FreeBSD","abi":null},{"os":"OpenBSD","abi":null},{"os":"WINNT","abi":null},{"os":"Linux","abi":null}],"multiprocessCompatible":false,"signedState":0,"seen":true,"dependencies":[],"hasEmbeddedWebExtension":false,"mpcOptedOut":false,"userPermissions":null}
1497339444766	addons.xpi	DEBUG	Updating XPIState for {"id":"aushelper@mozilla.org","syncGUID":"{14591c2c-ab1e-4caf-9277-b80037b89c7a}","location":"app-system-defaults","version":"2.0","type":"extension","internalName":null,"updateURL":null,"updateKey":null,"optionsURL":null,"optionsType":null,"aboutURL":null,"icons":{},"iconURL":null,"icon64URL":null,"defaultLocale":{"name":"Application Update Service Helper","description":"Sets value(s) in the update url based on custom checks.","creator":null,"homepageURL":null},"visible":true,"active":true,"userDisabled":false,"appDisabled":false,"descriptor":"C:\\Program Files\\Mozilla Firefox\\browser\\features\\aushelper@mozilla.org.xpi","installDate":1495210271015,"updateDate":1495210271015,"applyBackgroundUpdates":1,"bootstrap":true,"skinnable":false,"size":8488,"sourceURI":null,"releaseNotesURI":null,"softDisabled":false,"foreignInstall":false,"hasBinaryComponents":false,"strictCompatibility":false,"locales":[],"targetApplications":[{"id":"{ec8030f7-c20a-464f-9b0e-13a3a9e97384}","minVersion":"53.0.2","maxVersion":"53.*"}],"targetPlatforms":[],"multiprocessCompatible":true,"seen":true,"dependencies":[],"hasEmbeddedWebExtension":false,"mpcOptedOut":false,"userPermissions":null}
1497339444766	addons.xpi	DEBUG	getModTime: Recursive scan of aushelper@mozilla.org
1497339444767	addons.xpi	DEBUG	Updating XPIState for {"id":"e10srollout@mozilla.org","syncGUID":"{675dbecc-ae36-4149-bcf9-123c119addd8}","location":"app-system-defaults","version":"1.14","type":"extension","internalName":null,"updateURL":null,"updateKey":null,"optionsURL":null,"optionsType":null,"aboutURL":null,"icons":{},"iconURL":null,"icon64URL":null,"defaultLocale":{"name":"Multi-process staged rollout","description":"Staged rollout of Firefox multi-process feature.","creator":null,"homepageURL":null},"visible":true,"active":true,"userDisabled":false,"appDisabled":false,"descriptor":"C:\\Program Files\\Mozilla Firefox\\browser\\features\\e10srollout@mozilla.org.xpi","installDate":1495210271014,"updateDate":1495210271014,"applyBackgroundUpdates":1,"bootstrap":true,"skinnable":false,"size":8478,"sourceURI":null,"releaseNotesURI":null,"softDisabled":false,"foreignInstall":false,"hasBinaryComponents":false,"strictCompatibility":false,"locales":[],"targetApplications":[{"id":"{ec8030f7-c20a-464f-9b0e-13a3a9e97384}","minVersion":"53.0.2","maxVersion":"53.*"}],"targetPlatforms":[],"multiprocessCompatible":true,"seen":true,"dependencies":[],"hasEmbeddedWebExtension":false,"mpcOptedOut":false,"userPermissions":null}
1497339444767	addons.xpi	DEBUG	getModTime: Recursive scan of e10srollout@mozilla.org
1497339444767	addons.xpi	DEBUG	Updating XPIState for {"id":"firefox@getpocket.com","syncGUID":"{9101fe37-6a88-46b1-b38e-4c3cb39a5ad3}","location":"app-system-defaults","version":"1.0.5","type":"extension","internalName":null,"updateURL":null,"updateKey":null,"optionsURL":null,"optionsType":null,"aboutURL":null,"icons":{},"iconURL":null,"icon64URL":null,"defaultLocale":{"name":"Pocket","description":"When you find something you want to view later, put it in Pocket.","creator":null,"homepageURL":null},"visible":true,"active":true,"userDisabled":false,"appDisabled":false,"descriptor":"C:\\Program Files\\Mozilla Firefox\\browser\\features\\firefox@getpocket.com.xpi","installDate":1495210271013,"updateDate":1495210271013,"applyBackgroundUpdates":1,"bootstrap":true,"skinnable":false,"size":913565,"sourceURI":null,"releaseNotesURI":null,"softDisabled":false,"foreignInstall":false,"hasBinaryComponents":false,"strictCompatibility":false,"locales":[],"targetApplications":[{"id":"{ec8030f7-c20a-464f-9b0e-13a3a9e97384}","minVersion":"53.0.2","maxVersion":"53.*"}],"targetPlatforms":[],"multiprocessCompatible":true,"seen":true,"dependencies":[],"hasEmbeddedWebExtension":false,"mpcOptedOut":false,"userPermissions":null}
1497339444767	addons.xpi	DEBUG	getModTime: Recursive scan of firefox@getpocket.com
1497339444767	addons.xpi	DEBUG	Updating XPIState for {"id":"webcompat@mozilla.org","syncGUID":"{5b266862-3a6b-403e-890a-ffbb29741235}","location":"app-system-defaults","version":"1.0","type":"extension","internalName":null,"updateURL":null,"updateKey":null,"optionsURL":null,"optionsType":null,"aboutURL":null,"icons":{},"iconURL":null,"icon64URL":null,"defaultLocale":{"name":"Web Compat","description":"Urgent post-release fixes for web compatibility.","creator":null,"homepageURL":null},"visible":true,"active":true,"userDisabled":false,"appDisabled":false,"descriptor":"C:\\Program Files\\Mozilla Firefox\\browser\\features\\webcompat@mozilla.org.xpi","installDate":1495210270973,"updateDate":1495210270973,"applyBackgroundUpdates":1,"bootstrap":true,"skinnable":false,"size":1456,"sourceURI":null,"releaseNotesURI":null,"softDisabled":false,"foreignInstall":false,"hasBinaryComponents":false,"strictCompatibility":false,"locales":[],"targetApplications":[{"id":"{ec8030f7-c20a-464f-9b0e-13a3a9e97384}","minVersion":"53.0.2","maxVersion":"53.*"}],"targetPlatforms":[],"multiprocessCompatible":true,"seen":true,"dependencies":[],"hasEmbeddedWebExtension":false,"mpcOptedOut":false,"userPermissions":null}
1497339444767	addons.xpi	DEBUG	getModTime: Recursive scan of webcompat@mozilla.org
1497339444768	addons.xpi	DEBUG	Updating XPIState for {"id":"{972ce4c6-7e08-4474-a285-3208198ce6fd}","syncGUID":"{20994bcb-af5b-4299-a774-7721f172357a}","location":"app-global","version":"53.0.2","type":"theme","internalName":"classic/1.0","updateURL":null,"updateKey":null,"optionsURL":null,"optionsType":null,"aboutURL":null,"icons":{},"iconURL":"chrome://browser/content/default-theme-icon.svg","icon64URL":null,"defaultLocale":{"name":"Default","description":"The default theme.","creator":"Mozilla","homepageURL":null,"contributors":["Mozilla Contributors"]},"visible":true,"active":true,"userDisabled":false,"appDisabled":false,"descriptor":"C:\\Program Files\\Mozilla Firefox\\browser\\extensions\\{972ce4c6-7e08-4474-a285-3208198ce6fd}.xpi","installDate":1495210271053,"updateDate":1495210271053,"applyBackgroundUpdates":1,"skinnable":true,"size":8207,"sourceURI":null,"releaseNotesURI":null,"softDisabled":false,"foreignInstall":false,"hasBinaryComponents":false,"strictCompatibility":true,"locales":[],"targetApplications":[{"id":"{ec8030f7-c20a-464f-9b0e-13a3a9e97384}","minVersion":"53.0.2","maxVersion":"53.0.2"}],"targetPlatforms":[],"seen":true,"dependencies":[],"hasEmbeddedWebExtension":false,"userPermissions":null}
1497339444768	addons.xpi	DEBUG	getModTime: Recursive scan of {972ce4c6-7e08-4474-a285-3208198ce6fd}
1497339444769	DeferredSave.extensions.json	DEBUG	Save changes
1497339444769	addons.xpi	DEBUG	Updating database with changes to installed add-ons
1497339444769	addons.xpi-utils	DEBUG	Updating add-on states
1497339444772	addons.xpi-utils	DEBUG	Writing add-ons list
1497339444775	addons.xpi	DEBUG	Registering manifest for C:\Program Files\Mozilla Firefox\browser\features\aushelper@mozilla.org.xpi
1497339444775	addons.xpi	DEBUG	Calling bootstrap method startup on aushelper@mozilla.org version 2.0
1497339444777	addons.xpi	DEBUG	Registering manifest for C:\Program Files\Mozilla Firefox\browser\features\e10srollout@mozilla.org.xpi
1497339444777	addons.xpi	DEBUG	Calling bootstrap method startup on e10srollout@mozilla.org version 1.14
1497339444778	addons.xpi	DEBUG	Registering manifest for C:\Program Files\Mozilla Firefox\browser\features\firefox@getpocket.com.xpi
1497339444778	addons.xpi	DEBUG	Calling bootstrap method startup on firefox@getpocket.com version 1.0.5
1497339444779	addons.xpi	DEBUG	Registering manifest for C:\Program Files\Mozilla Firefox\browser\features\webcompat@mozilla.org.xpi
1497339444779	addons.xpi	DEBUG	Calling bootstrap method startup on webcompat@mozilla.org version 1.0
1497339444781	addons.manager	DEBUG	Registering shutdown blocker for XPIProvider
1497339444781	addons.manager	DEBUG	Provider finished startup: XPIProvider
1497339444782	addons.manager	DEBUG	Starting provider: LightweightThemeManager
1497339444782	addons.manager	DEBUG	Registering shutdown blocker for LightweightThemeManager
1497339444782	addons.manager	DEBUG	Provider finished startup: LightweightThemeManager
1497339444782	addons.manager	DEBUG	Starting provider: GMPProvider
1497339444786	addons.manager	DEBUG	Registering shutdown blocker for GMPProvider
1497339444786	addons.manager	DEBUG	Provider finished startup: GMPProvider
1497339444786	addons.manager	DEBUG	Starting provider: PluginProvider
1497339444786	addons.manager	DEBUG	Registering shutdown blocker for PluginProvider
1497339444786	addons.manager	DEBUG	Provider finished startup: PluginProvider
1497339444787	addons.manager	DEBUG	Completed startup sequence
[GFX1]: Potential driver version mismatch ignored due to missing DLLs 0.0.0.0 and 0.0.0.0
1497339446434	addons.manager	DEBUG	Starting provider: <unnamed-provider>
1497339446434	addons.manager	DEBUG	Registering shutdown blocker for <unnamed-provider>
1497339446434	addons.manager	DEBUG	Provider finished startup: <unnamed-provider>
1497339446436	DeferredSave.extensions.json	DEBUG	Starting write
1497339446541	addons.repository	DEBUG	No addons.json found.
1497339446541	DeferredSave.addons.json	DEBUG	Save changes
1497339446543	DeferredSave.addons.json	DEBUG	Starting timer
1497339446560	addons.manager	DEBUG	Starting provider: PreviousExperimentProvider
1497339446560	addons.manager	DEBUG	Registering shutdown blocker for PreviousExperimentProvider
1497339446561	addons.manager	DEBUG	Provider finished startup: PreviousExperimentProvider
1497339446562	DeferredSave.extensions.json	DEBUG	Write succeeded
1497339446562	addons.xpi-utils	DEBUG	XPI Database saved, setting schema version preference to 19
1497339446595	DeferredSave.addons.json	DEBUG	Starting write
1497339446745	DeferredSave.addons.json	DEBUG	Write succeeded
Crash Annotation GraphicsCriticalError: |[C0][GFX1]: Potential driver version mismatch ignored due to missing DLLs 0.0.0.0 and 0.0.0.0 (t=0.901335) [GFX1]: Potential driver version mismatch ignored due to missing DLLs 0.0.0.0 and 0.0.0.0

	at org.openqa.selenium.firefox.internal.NewProfileExtensionConnection.start(NewProfileExtensionConnection.java:112)
	... 31 more
]]>
    </error>
  </testcase> <!-- setup -->
  <testcase name="testMethodA" time="0.000" classname="excelExportAndFileIO.Dataprovider">
    <error type="org.testng.TestNGException" message="
Data Provider public java.lang.Object[][] excelExportAndFileIO.Dataprovider.getDataFromDataprovider(org.testng.ITestContext) must return either Object[][] or Iterator&lt;Object&gt;[], not class [[Ljava.lang.Object;">
      <![CDATA[org.testng.TestNGException: 
Data Provider public java.lang.Object[][] excelExportAndFileIO.Dataprovider.getDataFromDataprovider(org.testng.ITestContext) must return either Object[][] or Iterator<Object>[], not class [[Ljava.lang.Object;
	at org.testng.internal.MethodInvocationHelper.invokeDataProvider(MethodInvocationHelper.java:133)
	at org.testng.internal.Parameters.handleParameters(Parameters.java:509)
	at org.testng.internal.Invoker.handleParameters(Invoker.java:1293)
	at org.testng.internal.Invoker.createParameters(Invoker.java:1020)
	at org.testng.internal.Invoker.invokeTestMethods(Invoker.java:1110)
	at org.testng.internal.TestMethodWorker.invokeTestMethods(TestMethodWorker.java:129)
	at org.testng.internal.TestMethodWorker.run(TestMethodWorker.java:112)
	at org.testng.TestRunner.privateRun(TestRunner.java:756)
	at org.testng.TestRunner.run(TestRunner.java:610)
	at org.testng.SuiteRunner.runTest(SuiteRunner.java:387)
	at org.testng.SuiteRunner.runSequentially(SuiteRunner.java:382)
	at org.testng.SuiteRunner.privateRun(SuiteRunner.java:340)
	at org.testng.SuiteRunner.run(SuiteRunner.java:289)
	at org.testng.SuiteRunnerWorker.runSuite(SuiteRunnerWorker.java:52)
	at org.testng.SuiteRunnerWorker.run(SuiteRunnerWorker.java:86)
	at org.testng.TestNG.runSuitesSequentially(TestNG.java:1293)
	at org.testng.TestNG.runSuitesLocally(TestNG.java:1218)
	at org.testng.TestNG.runSuites(TestNG.java:1133)
	at org.testng.TestNG.run(TestNG.java:1104)
	at org.testng.remote.AbstractRemoteTestNG.run(AbstractRemoteTestNG.java:132)
	at org.testng.remote.RemoteTestNG.initAndRun(RemoteTestNG.java:236)
	at org.testng.remote.RemoteTestNG.main(RemoteTestNG.java:81)
]]>
    </error>
  </testcase> <!-- testMethodA -->
  <testcase name="testMethodB" time="0.000" classname="excelExportAndFileIO.Dataprovider">
    <error type="org.testng.TestNGException" message="
Data Provider public java.lang.Object[][] excelExportAndFileIO.Dataprovider.getDataFromDataprovider(org.testng.ITestContext) must return either Object[][] or Iterator&lt;Object&gt;[], not class [[Ljava.lang.Object;">
      <![CDATA[org.testng.TestNGException: 
Data Provider public java.lang.Object[][] excelExportAndFileIO.Dataprovider.getDataFromDataprovider(org.testng.ITestContext) must return either Object[][] or Iterator<Object>[], not class [[Ljava.lang.Object;
	at org.testng.internal.MethodInvocationHelper.invokeDataProvider(MethodInvocationHelper.java:133)
	at org.testng.internal.Parameters.handleParameters(Parameters.java:509)
	at org.testng.internal.Invoker.handleParameters(Invoker.java:1293)
	at org.testng.internal.Invoker.createParameters(Invoker.java:1020)
	at org.testng.internal.Invoker.invokeTestMethods(Invoker.java:1110)
	at org.testng.internal.TestMethodWorker.invokeTestMethods(TestMethodWorker.java:129)
	at org.testng.internal.TestMethodWorker.run(TestMethodWorker.java:112)
	at org.testng.TestRunner.privateRun(TestRunner.java:756)
	at org.testng.TestRunner.run(TestRunner.java:610)
	at org.testng.SuiteRunner.runTest(SuiteRunner.java:387)
	at org.testng.SuiteRunner.runSequentially(SuiteRunner.java:382)
	at org.testng.SuiteRunner.privateRun(SuiteRunner.java:340)
	at org.testng.SuiteRunner.run(SuiteRunner.java:289)
	at org.testng.SuiteRunnerWorker.runSuite(SuiteRunnerWorker.java:52)
	at org.testng.SuiteRunnerWorker.run(SuiteRunnerWorker.java:86)
	at org.testng.TestNG.runSuitesSequentially(TestNG.java:1293)
	at org.testng.TestNG.runSuitesLocally(TestNG.java:1218)
	at org.testng.TestNG.runSuites(TestNG.java:1133)
	at org.testng.TestNG.run(TestNG.java:1104)
	at org.testng.remote.AbstractRemoteTestNG.run(AbstractRemoteTestNG.java:132)
	at org.testng.remote.RemoteTestNG.initAndRun(RemoteTestNG.java:236)
	at org.testng.remote.RemoteTestNG.main(RemoteTestNG.java:81)
]]>
    </error>
  </testcase> <!-- testMethodB -->
</testsuite> <!-- excelExportAndFileIO.Dataprovider -->
