<?xml version="1.0" encoding="UTF-8"?>
<!-- Generated by org.testng.reporters.JUnitReportReporter -->
<testsuite name="excelExportAndFileIO.TestNG_DependsOn" tests="3" time="21.717" ignored="0" failures="0" timestamp="10 Mar 2017 08:12:38 GMT" skipped="0" hostname="CNTBTTEST1" errors="0">
  <testcase name="main" time="7.832" classname="excelExportAndFileIO.TestNG_DependsOn"/>
  <testcase name="beforeMethod" time="12.288" classname="excelExportAndFileIO.TestNG_DependsOn"/>
  <testcase name="afterMethod" time="1.597" classname="excelExportAndFileIO.TestNG_DependsOn"/>
</testsuite> <!-- excelExportAndFileIO.TestNG_DependsOn -->
