<?xml version="1.0" encoding="UTF-8"?>
<!-- Generated by org.testng.reporters.JUnitReportReporter -->
<testsuite name="excelExportAndFileIO.TestNG" tests="1" time="46.371" ignored="0" failures="0" timestamp="10 Mar 2017 06:47:27 GMT" skipped="0" hostname="CNTBTTEST1" errors="0">
  <testcase name="main" time="46.371" classname="excelExportAndFileIO.TestNG"/>
</testsuite> <!-- excelExportAndFileIO.TestNG -->
