<?xml version="1.0" encoding="UTF-8"?>
<!-- Generated by org.testng.reporters.JUnitReportReporter -->
<testsuite name="testNgListeners.TestListener" tests="1" time="745.505" ignored="0" failures="0" timestamp="01 Mar 2017 12:18:28 GMT" skipped="0" hostname="CNTBTTEST1" errors="0">
  <testcase name="main" time="745.505" classname="testNgListeners.TestListener"/>
</testsuite> <!-- testNgListeners.TestListener -->
